<?xml version="1.0" encoding="UTF-8"?>
<testsuite name="com.orv.api.ApiApplicationTests" tests="1" skipped="0" failures="0" errors="0" timestamp="2025-02-12T05:20:04" hostname="choehyeonjun-ui-MacBookPro.local" time="0.532">
  <properties/>
  <testcase name="contextLoads()" classname="com.orv.api.ApiApplicationTests" time="0.532"/>
  <system-out><![CDATA[14:20:04.069 [Test worker] INFO org.springframework.test.context.support.AnnotationConfigContextLoaderUtils -- Could not detect default configuration classes for test class [com.orv.api.ApiApplicationTests]: ApiApplicationTests does not declare any static, non-private, non-final, nested classes annotated with @Configuration.
14:20:04.116 [Test worker] INFO org.springframework.boot.test.context.SpringBootTestContextBootstrapper -- Found @SpringBootConfiguration com.orv.api.ApiApplication for test class com.orv.api.ApiApplicationTests

  .   ____          _            __ _ _
 /\\ / ___'_ __ _ _(_)_ __  __ _ \ \ \ \
( ( )\___ | '_ | '_| | '_ \/ _` | \ \ \ \
 \\/  ___)| |_)| | | | | || (_| |  ) ) ) )
  '  |____| .__|_| |_|_| |_\__, | / / / /
 =========|_|==============|___/=/_/_/_/

 :: Spring Boot ::                (v3.4.2)

2025-02-12T14:20:04.319+09:00  INFO 85619 --- [api] [    Test worker] com.orv.api.ApiApplicationTests          : Starting ApiApplicationTests using Java 21.0.4 with PID 85619 (started by cachij in /Users/cachij/Documents/Repos/orv/orv-api-server)
2025-02-12T14:20:04.320+09:00  INFO 85619 --- [api] [    Test worker] com.orv.api.ApiApplicationTests          : No active profile set, falling back to 1 default profile: "default"
2025-02-12T14:20:04.825+09:00  INFO 85619 --- [api] [    Test worker] com.orv.api.ApiApplicationTests          : Started ApiApplicationTests in 0.642 seconds (process running for 1.208)
]]></system-out>
  <system-err><![CDATA[Mockito is currently self-attaching to enable the inline-mock-maker. This will no longer work in future releases of the JDK. Please add Mockito as an agent to your build what is described in Mockito's documentation: https://javadoc.io/doc/org.mockito/mockito-core/latest/org/mockito/Mockito.html#0.3
WARNING: A Java agent has been loaded dynamically (/Users/cachij/.gradle/caches/modules-2/files-2.1/net.bytebuddy/byte-buddy-agent/1.15.11/a38b16385e867f59a641330f0362ebe742788ed8/byte-buddy-agent-1.15.11.jar)
WARNING: If a serviceability tool is in use, please run with -XX:+EnableDynamicAgentLoading to hide this warning
WARNING: If a serviceability tool is not in use, please run with -Djdk.instrument.traceUsage for more information
WARNING: Dynamic loading of agents will be disallowed by default in a future release
]]></system-err>
</testsuite>
